TN:
SF:App.tsx
FN:22,App
FNF:1
FNH:0
FNDA:0,App
DA:15,0
DA:20,0
DA:23,0
DA:24,0
DA:26,0
DA:27,0
DA:29,0
LF:7
LH:0
BRDA:26,0,0,0
BRDA:26,0,1,0
BRF:2
BRH:0
end_of_record
TN:
SF:axios-instance.ts
FNF:0
FNH:0
DA:3,0
LF:1
LH:0
BRF:0
BRH:0
end_of_record
TN:
SF:env.ts
FNF:0
FNH:0
LF:0
LH:0
BRF:0
BRH:0
end_of_record
TN:
SF:jest.config.ts
FNF:0
FNH:0
DA:7,0
LF:1
LH:0
BRF:0
BRH:0
end_of_record
TN:
SF:types.tsx
FNF:0
FNH:0
LF:0
LH:0
BRF:0
BRH:0
end_of_record
TN:
SF:components/CustomAuthInput.tsx
FN:27,(anonymous_0)
FN:44,(anonymous_1)
FNF:2
FNH:0
FNDA:0,(anonymous_0)
FNDA:0,(anonymous_1)
DA:27,0
DA:37,0
DA:38,0
DA:45,0
DA:46,0
DA:48,0
DA:50,0
DA:79,0
LF:8
LH:0
BRDA:32,0,0,0
BRDA:33,1,0,0
BRDA:34,2,0,0
BRDA:35,3,0,0
BRDA:45,4,0,0
BRDA:45,4,1,0
BRDA:53,5,0,0
BRDA:53,5,1,0
BRDA:70,6,0,0
BRDA:70,6,1,0
BRF:10
BRH:0
end_of_record
TN:
SF:components/CustomWorkoutInput.tsx
FN:28,(anonymous_0)
FN:46,(anonymous_1)
FNF:2
FNH:0
FNDA:0,(anonymous_0)
FNDA:0,(anonymous_1)
DA:28,0
DA:39,0
DA:40,0
DA:47,0
DA:48,0
DA:50,0
DA:52,0
DA:82,0
LF:8
LH:0
BRDA:33,0,0,0
BRDA:34,1,0,0
BRDA:35,2,0,0
BRDA:36,3,0,0
BRDA:37,4,0,0
BRDA:47,5,0,0
BRDA:47,5,1,0
BRDA:55,6,0,0
BRDA:55,6,1,0
BRDA:73,7,0,0
BRDA:73,7,1,0
BRF:11
BRH:0
end_of_record
TN:
SF:components/EditScreenInfo.tsx
FN:8,EditScreenInfo
FN:45,handleHelpPress
FNF:2
FNH:0
FNDA:0,EditScreenInfo
FNDA:0,handleHelpPress
DA:9,0
DA:46,0
DA:51,0
LF:3
LH:0
BRF:0
BRH:0
end_of_record
TN:
SF:components/StyledText.tsx
FN:3,MonoText
FNF:1
FNH:0
FNDA:0,MonoText
DA:4,0
LF:1
LH:0
BRF:0
BRH:0
end_of_record
TN:
SF:components/Themed.tsx
FN:11,useThemeColor
FN:33,Text
FN:40,View
FNF:3
FNH:0
FNDA:0,useThemeColor
FNDA:0,Text
FNDA:0,View
DA:15,0
DA:16,0
DA:18,0
DA:19,0
DA:21,0
DA:34,0
DA:35,0
DA:37,0
DA:41,0
DA:42,0
DA:44,0
LF:11
LH:0
BRDA:18,0,0,0
BRDA:18,0,1,0
BRF:2
BRH:0
end_of_record
TN:
SF:components/Exercice/Exercice.tsx
FN:9,(anonymous_0)
FN:11,(anonymous_1)
FN:12,(anonymous_2)
FN:14,(anonymous_3)
FN:20,(anonymous_4)
FNF:5
FNH:0
FNDA:0,(anonymous_0)
FNDA:0,(anonymous_1)
FNDA:0,(anonymous_2)
FNDA:0,(anonymous_3)
FNDA:0,(anonymous_4)
DA:9,0
DA:10,0
DA:11,0
DA:12,0
DA:14,0
DA:15,0
DA:21,0
DA:25,0
DA:39,0
LF:9
LH:0
BRF:0
BRH:0
end_of_record
TN:
SF:constants/Colors.ts
FNF:0
FNH:0
DA:1,0
DA:2,0
LF:2
LH:0
BRF:0
BRH:0
end_of_record
TN:
SF:constants/Layout.ts
FNF:0
FNH:0
DA:3,0
DA:4,0
LF:2
LH:0
BRF:0
BRH:0
end_of_record
TN:
SF:hooks/useCachedResources.ts
FN:6,useCachedResources
FN:10,(anonymous_1)
FN:11,loadResourcesAndDataAsync
FNF:3
FNH:0
FNDA:0,useCachedResources
FNDA:0,(anonymous_1)
FNDA:0,loadResourcesAndDataAsync
DA:7,0
DA:10,0
DA:12,0
DA:13,0
DA:16,0
DA:22,0
DA:24,0
DA:25,0
DA:29,0
DA:32,0
LF:10
LH:0
BRF:0
BRH:0
end_of_record
TN:
SF:hooks/useColorScheme.ts
FN:6,useColorScheme
FNF:1
FNH:0
FNDA:0,useColorScheme
DA:7,0
LF:1
LH:0
BRF:0
BRH:0
end_of_record
TN:
SF:navigation/AppNavigator.tsx
FN:12,(anonymous_0)
FN:13,(anonymous_1)
FN:14,(anonymous_2)
FN:16,(anonymous_3)
FNF:4
FNH:0
FNDA:0,(anonymous_0)
FNDA:0,(anonymous_1)
FNDA:0,(anonymous_2)
FNDA:0,(anonymous_3)
DA:12,0
DA:13,0
DA:14,0
DA:16,0
DA:17,0
DA:20,0
DA:22,0
DA:25,0
LF:8
LH:0
BRDA:20,0,0,0
BRDA:20,0,1,0
BRDA:27,1,0,0
BRDA:27,1,1,0
BRDA:27,1,2,0
BRDA:28,2,0,0
BRDA:28,2,1,0
BRDA:28,2,2,0
BRDA:29,3,0,0
BRDA:29,3,1,0
BRF:10
BRH:0
end_of_record
TN:
SF:navigation/LinkingConfiguration.ts
FNF:0
FNH:0
DA:12,0
LF:1
LH:0
BRF:0
BRH:0
end_of_record
TN:
SF:navigation/Navigators.tsx
FN:16,(anonymous_0)
FN:41,(anonymous_1)
FN:44,(anonymous_2)
FN:45,(anonymous_3)
FN:77,(anonymous_4)
FN:96,(anonymous_5)
FN:110,(anonymous_6)
FNF:7
FNH:0
FNDA:0,(anonymous_0)
FNDA:0,(anonymous_1)
FNDA:0,(anonymous_2)
FNDA:0,(anonymous_3)
FNDA:0,(anonymous_4)
FNDA:0,(anonymous_5)
FNDA:0,(anonymous_6)
DA:14,0
DA:16,0
DA:17,0
DA:39,0
DA:41,0
DA:42,0
DA:44,0
DA:48,0
DA:49,0
DA:50,0
DA:51,0
DA:54,0
DA:75,0
DA:77,0
DA:78,0
DA:94,0
DA:96,0
DA:97,0
DA:108,0
DA:110,0
DA:111,0
LF:21
LH:0
BRDA:48,0,0,0
BRDA:48,0,1,0
BRDA:49,1,0,0
BRDA:49,1,1,0
BRDA:50,2,0,0
BRDA:50,2,1,0
BRDA:51,3,0,0
BRDA:51,3,1,0
BRF:8
BRH:0
end_of_record
TN:
SF:navigation/index.tsx
FN:44,(anonymous_0)
FN:66,Navigation
FN:71,(anonymous_2)
FN:75,(anonymous_3)
FN:77,(anonymous_4)
FN:103,RootNavigator
FN:131,BottomTabNavigator
FN:137,(anonymous_7)
FN:139,(anonymous_8)
FN:159,(anonymous_9)
FN:202,(anonymous_10)
FNF:11
FNH:0
FNDA:0,(anonymous_0)
FNDA:0,Navigation
FNDA:0,(anonymous_2)
FNDA:0,(anonymous_3)
FNDA:0,(anonymous_4)
FNDA:0,RootNavigator
FNDA:0,BottomTabNavigator
FNDA:0,(anonymous_7)
FNDA:0,(anonymous_8)
FNDA:0,(anonymous_9)
FNDA:0,(anonymous_10)
DA:42,0
DA:44,0
DA:45,0
DA:71,0
DA:73,0
DA:75,0
DA:77,0
DA:78,0
DA:81,0
DA:83,0
DA:85,0
DA:101,0
DA:104,0
DA:129,0
DA:132,0
DA:134,0
DA:137,0
DA:142,0
DA:143,0
DA:144,0
DA:145,0
DA:146,0
DA:147,0
DA:148,0
DA:149,0
DA:152,0
DA:159,0
DA:200,0
DA:202,0
DA:203,0
LF:30
LH:0
BRDA:81,0,0,0
BRDA:81,0,1,0
BRDA:88,1,0,0
BRDA:88,1,1,0
BRDA:90,2,0,0
BRDA:90,2,1,0
BRDA:90,2,2,0
BRDA:91,3,0,0
BRDA:91,3,1,0
BRDA:91,3,2,0
BRDA:92,4,0,0
BRDA:92,4,1,0
BRDA:142,5,0,0
BRDA:142,5,1,0
BRDA:143,6,0,0
BRDA:143,6,1,0
BRDA:144,7,0,0
BRDA:144,7,1,0
BRDA:145,8,0,0
BRDA:145,8,1,0
BRDA:146,9,0,0
BRDA:146,9,1,0
BRDA:147,10,0,0
BRDA:147,10,1,0
BRDA:148,11,0,0
BRDA:148,11,1,0
BRDA:149,12,0,0
BRDA:149,12,1,0
BRF:28
BRH:0
end_of_record
TN:
SF:screens/AddExerciceScreen.tsx
FN:22,(anonymous_0)
FN:31,(anonymous_1)
FN:32,(anonymous_2)
FN:35,(anonymous_3)
FN:55,(anonymous_4)
FNF:5
FNH:0
FNDA:0,(anonymous_0)
FNDA:0,(anonymous_1)
FNDA:0,(anonymous_2)
FNDA:0,(anonymous_3)
FNDA:0,(anonymous_4)
DA:22,0
DA:27,0
DA:28,0
DA:30,0
DA:31,0
DA:32,0
DA:35,0
DA:38,0
DA:39,0
DA:40,0
DA:41,0
DA:44,0
DA:51,0
DA:52,0
DA:55,0
DA:56,0
DA:57,0
DA:59,0
DA:60,0
DA:66,0
DA:74,0
DA:75,0
DA:76,0
DA:78,0
DA:82,0
DA:153,0
LF:26
LH:0
BRDA:38,0,0,0
BRDA:38,0,1,0
BRDA:56,1,0,0
BRDA:56,1,1,0
BRDA:59,2,0,0
BRDA:59,2,1,0
BRDA:74,3,0,0
BRDA:74,3,1,0
BRDA:85,4,0,0
BRDA:85,4,1,0
BRDA:105,5,0,0
BRDA:105,5,1,0
BRF:12
BRH:0
end_of_record
TN:
SF:screens/AddWorkoutScreen.tsx
FN:4,(anonymous_0)
FNF:1
FNH:0
FNDA:0,(anonymous_0)
DA:4,0
DA:5,0
DA:14,0
LF:3
LH:0
BRF:0
BRH:0
end_of_record
TN:
SF:screens/ExerciceScreen.tsx
FN:18,(anonymous_0)
FN:19,(anonymous_1)
FN:20,(anonymous_2)
FN:21,(anonymous_3)
FN:24,(anonymous_4)
FN:33,(anonymous_5)
FN:92,(anonymous_6)
FNF:7
FNH:0
FNDA:0,(anonymous_0)
FNDA:0,(anonymous_1)
FNDA:0,(anonymous_2)
FNDA:0,(anonymous_3)
FNDA:0,(anonymous_4)
FNDA:0,(anonymous_5)
FNDA:0,(anonymous_6)
DA:18,0
DA:19,0
DA:20,0
DA:21,0
DA:22,0
DA:24,0
DA:25,0
DA:27,0
DA:33,0
DA:92,0
DA:104,0
LF:11
LH:0
BRF:0
BRH:0
end_of_record
TN:
SF:screens/HomeScreen.tsx
FN:10,(anonymous_0)
FN:13,(anonymous_1)
FNF:2
FNH:0
FNDA:0,(anonymous_0)
FNDA:0,(anonymous_1)
DA:10,0
DA:11,0
DA:13,0
DA:14,0
DA:17,0
DA:33,0
LF:6
LH:0
BRF:0
BRH:0
end_of_record
TN:
SF:screens/ModalScreen.tsx
FN:7,ModalScreen
FNF:1
FNH:0
FNDA:0,ModalScreen
DA:8,0
DA:20,0
LF:2
LH:0
BRDA:15,0,0,0
BRDA:15,0,1,0
BRF:2
BRH:0
end_of_record
TN:
SF:screens/NotFoundScreen.tsx
FN:6,NotFoundScreen
FN:10,(anonymous_1)
FNF:2
FNH:0
FNDA:0,NotFoundScreen
FNDA:0,(anonymous_1)
DA:7,0
DA:10,0
DA:17,0
LF:3
LH:0
BRF:0
BRH:0
end_of_record
TN:
SF:screens/SettingsScreen.tsx
FN:6,(anonymous_0)
FNF:1
FNH:0
FNDA:0,(anonymous_0)
DA:6,0
DA:7,0
DA:16,0
LF:3
LH:0
BRF:0
BRH:0
end_of_record
TN:
SF:screens/SignInScreen.tsx
FN:28,(anonymous_0)
FN:52,(anonymous_1)
FN:128,(anonymous_2)
FNF:3
FNH:0
FNDA:0,(anonymous_0)
FNDA:0,(anonymous_1)
FNDA:0,(anonymous_2)
DA:28,0
DA:29,0
DA:43,0
DA:48,0
DA:52,0
DA:53,0
DA:54,0
DA:55,0
DA:56,0
DA:58,0
DA:60,0
DA:61,0
DA:63,0
DA:64,0
DA:66,0
DA:67,0
DA:70,0
DA:71,0
DA:76,0
DA:128,0
DA:144,0
LF:21
LH:0
BRDA:58,0,0,0
BRDA:58,0,1,0
BRDA:58,0,2,0
BRDA:58,0,3,0
BRDA:79,1,0,0
BRDA:79,1,1,0
BRF:6
BRH:0
end_of_record
TN:
SF:screens/SignUpScreen.tsx
FN:29,(anonymous_0)
FN:59,(anonymous_1)
FN:132,(anonymous_2)
FNF:3
FNH:0
FNDA:0,(anonymous_0)
FNDA:0,(anonymous_1)
FNDA:0,(anonymous_2)
DA:29,0
DA:30,0
DA:50,0
DA:55,0
DA:59,0
DA:60,0
DA:61,0
DA:62,0
DA:63,0
DA:65,0
DA:67,0
DA:68,0
DA:71,0
DA:72,0
DA:77,0
DA:132,0
DA:147,0
LF:17
LH:0
BRDA:65,0,0,0
BRDA:65,0,1,0
BRDA:80,1,0,0
BRDA:80,1,1,0
BRF:4
BRH:0
end_of_record
TN:
SF:screens/StartupScreen.tsx
FN:9,(anonymous_0)
FN:12,(anonymous_1)
FN:13,(anonymous_2)
FNF:3
FNH:0
FNDA:0,(anonymous_0)
FNDA:0,(anonymous_1)
FNDA:0,(anonymous_2)
DA:9,0
DA:10,0
DA:12,0
DA:13,0
DA:14,0
DA:16,0
DA:17,0
DA:18,0
DA:20,0
DA:21,0
DA:23,0
DA:24,0
DA:25,0
DA:28,0
DA:30,0
DA:32,0
DA:43,0
LF:17
LH:0
BRDA:16,0,0,0
BRDA:16,0,1,0
BRDA:23,1,0,0
BRDA:23,1,1,0
BRDA:23,2,0,0
BRDA:23,2,1,0
BRF:6
BRH:0
end_of_record
TN:
SF:screens/TabOneScreen.tsx
FN:7,TabOneScreen
FNF:1
FNH:0
FNDA:0,TabOneScreen
DA:8,0
DA:17,0
LF:2
LH:0
BRF:0
BRH:0
end_of_record
TN:
SF:screens/TabTwoScreen.tsx
FN:6,TabTwoScreen
FNF:1
FNH:0
FNDA:0,TabTwoScreen
DA:7,0
DA:16,0
LF:2
LH:0
BRF:0
BRH:0
end_of_record
TN:
SF:screens/UserScreen.tsx
FN:4,(anonymous_0)
FNF:1
FNH:0
FNDA:0,(anonymous_0)
DA:4,0
DA:5,0
DA:14,0
LF:3
LH:0
BRF:0
BRH:0
end_of_record
TN:
SF:screens/WorkoutScreen.tsx
FN:6,(anonymous_0)
FNF:1
FNH:0
FNDA:0,(anonymous_0)
DA:6,0
DA:7,0
DA:16,0
LF:3
LH:0
BRF:0
BRH:0
end_of_record
TN:
SF:store/actions/authActions.ts
FN:15,(anonymous_0)
FN:16,(anonymous_1)
FN:26,(anonymous_2)
FN:35,(anonymous_3)
FN:42,(anonymous_4)
FN:43,(anonymous_5)
FN:53,(anonymous_6)
FN:62,(anonymous_7)
FN:69,(anonymous_8)
FN:70,(anonymous_9)
FN:80,(anonymous_10)
FN:89,(anonymous_11)
FN:96,(anonymous_12)
FN:97,(anonymous_13)
FN:109,(anonymous_14)
FN:118,(anonymous_15)
FN:125,(anonymous_16)
FN:130,(anonymous_17)
FN:131,(anonymous_18)
FN:137,(anonymous_19)
FN:146,(anonymous_20)
FN:156,(anonymous_21)
FN:163,(anonymous_22)
FNF:23
FNH:0
FNDA:0,(anonymous_0)
FNDA:0,(anonymous_1)
FNDA:0,(anonymous_2)
FNDA:0,(anonymous_3)
FNDA:0,(anonymous_4)
FNDA:0,(anonymous_5)
FNDA:0,(anonymous_6)
FNDA:0,(anonymous_7)
FNDA:0,(anonymous_8)
FNDA:0,(anonymous_9)
FNDA:0,(anonymous_10)
FNDA:0,(anonymous_11)
FNDA:0,(anonymous_12)
FNDA:0,(anonymous_13)
FNDA:0,(anonymous_14)
FNDA:0,(anonymous_15)
FNDA:0,(anonymous_16)
FNDA:0,(anonymous_17)
FNDA:0,(anonymous_18)
FNDA:0,(anonymous_19)
FNDA:0,(anonymous_20)
FNDA:0,(anonymous_21)
FNDA:0,(anonymous_22)
DA:8,0
DA:9,0
DA:10,0
DA:11,0
DA:12,0
DA:13,0
DA:15,0
DA:16,0
DA:17,0
DA:27,0
DA:29,0
DA:36,0
DA:37,0
DA:42,0
DA:43,0
DA:44,0
DA:54,0
DA:56,0
DA:63,0
DA:64,0
DA:69,0
DA:70,0
DA:71,0
DA:81,0
DA:82,0
DA:83,0
DA:90,0
DA:91,0
DA:96,0
DA:97,0
DA:98,0
DA:110,0
DA:111,0
DA:112,0
DA:119,0
DA:120,0
DA:125,0
DA:126,0
DA:130,0
DA:131,0
DA:132,0
DA:138,0
DA:144,0
DA:147,0
DA:156,0
DA:157,0
DA:158,0
DA:163,0
DA:164,0
LF:49
LH:0
BRF:0
BRH:0
end_of_record
TN:
SF:store/actions/workoutActions.ts
FN:14,(anonymous_0)
FN:15,(anonymous_1)
FN:18,(anonymous_2)
FN:28,(anonymous_3)
FN:34,(anonymous_4)
FN:35,(anonymous_5)
FN:39,(anonymous_6)
FN:54,(anonymous_7)
FN:61,(anonymous_8)
FN:62,(anonymous_9)
FN:65,(anonymous_10)
FNF:11
FNH:0
FNDA:0,(anonymous_0)
FNDA:0,(anonymous_1)
FNDA:0,(anonymous_2)
FNDA:0,(anonymous_3)
FNDA:0,(anonymous_4)
FNDA:0,(anonymous_5)
FNDA:0,(anonymous_6)
FNDA:0,(anonymous_7)
FNDA:0,(anonymous_8)
FNDA:0,(anonymous_9)
FNDA:0,(anonymous_10)
DA:8,0
DA:9,0
DA:10,0
DA:11,0
DA:12,0
DA:14,0
DA:15,0
DA:16,0
DA:19,0
DA:26,0
DA:29,0
DA:34,0
DA:35,0
DA:36,0
DA:37,0
DA:40,0
DA:41,0
DA:42,0
DA:51,0
DA:52,0
DA:55,0
DA:56,0
DA:61,0
DA:62,0
DA:63,0
DA:66,0
LF:26
LH:0
BRF:0
BRH:0
end_of_record
TN:
SF:store/reducers/authReducers.ts
FN:28,(anonymous_0)
FNF:1
FNH:0
FNDA:0,(anonymous_0)
DA:22,0
DA:29,0
DA:31,0
DA:36,0
DA:41,0
DA:47,0
DA:52,0
DA:59,0
DA:65,0
LF:9
LH:0
BRDA:28,0,0,0
BRDA:29,1,0,0
BRDA:29,1,1,0
BRDA:29,1,2,0
BRDA:29,1,3,0
BRDA:29,1,4,0
BRDA:29,1,5,0
BRDA:29,1,6,0
BRF:8
BRH:0
end_of_record
TN:
SF:store/reducers/workoutReducers.ts
FN:78,(anonymous_0)
FN:95,(anonymous_1)
FNF:2
FNH:0
FNDA:0,(anonymous_0)
FNDA:0,(anonymous_1)
DA:28,0
DA:79,0
DA:81,0
DA:86,0
DA:88,0
DA:93,0
DA:94,0
DA:95,0
DA:97,0
DA:102,0
DA:107,0
DA:113,0
LF:12
LH:0
BRDA:78,0,0,0
BRDA:79,1,0,0
BRDA:79,1,1,0
BRDA:79,1,2,0
BRDA:79,1,3,0
BRDA:79,1,4,0
BRDA:79,1,5,0
BRF:7
BRH:0
end_of_record
TN:
SF:types/auth.ts
FNF:0
FNH:0
LF:0
LH:0
BRF:0
BRH:0
end_of_record
